25.05.2016 10:32:21 hakem System.Windows.Forms.TextBox, Text: lkh System.Windows.Forms.TextBox, Text: jhg  güncellendi
25.05.2016 10:39:57 hakem wetwe wetwet  güncellendi
25.05.2016 11:15:20 hakem sefseg sgseg  güncellendi
7.06.2016 09:34:26 hakem    eklendi
7.06.2016 09:40:52 hakem Ali  Kaya Kılınç  silindi
7.06.2016 09:41:21 hakem daydin aydin  eklendi
7.06.2016 09:44:21 hakem Ali   silindi
7.06.2016 09:46:24 hakem osman daydin  eklendi
7.06.2016 09:46:41 hakem osman daydin  silindi
7.06.2016 10:14:43 fikstur    oluşturuldu
7.06.2016 11:27:23 fikstur    oluşturuldu
7.06.2016 11:28:51 fikstur    oluşturuldu
7.06.2016 11:34:58 fikstur    oluşturuldu
19.12.2016 22:25:13 hakem emo cengiz yılmaz  güncellendi
19.12.2016 22:27:54 fikstur    oluşturuldu
19.12.2016 22:32:30 fikstur    oluşturuldu
19.12.2016 22:41:00 fikstur    oluşturuldu
19.12.2016 22:51:25 fikstur    oluşturuldu
25.12.2016 21:12:43 hakem efecan reis  eklendi
25.12.2016 21:13:28 hakem efe reis  güncellendi
25.12.2016 21:13:47 fikstur    oluşturuldu
25.12.2016 21:18:45 fikstur    oluşturuldu
25.12.2016 21:20:46 fikstur    oluşturuldu
25.12.2016 21:34:48 fikstur    oluşturuldu
25.12.2016 21:37:25 fikstur    oluşturuldu
25.12.2016 21:38:58 fikstur    oluşturuldu
25.12.2016 21:39:31 fikstur    oluşturuldu
25.12.2016 21:42:56 fikstur    oluşturuldu
25.12.2016 21:52:53 fikstur    oluşturuldu
25.12.2016 22:58:25 fikstur    oluşturuldu
26.12.2016 01:34:18 fikstur    oluşturuldu
26.12.2016 01:34:38 fikstur    oluşturuldu
27.12.2016 00:22:52 fikstur    oluşturuldu
27.12.2016 22:56:50 fikstur    oluşturuldu
27.12.2016 23:02:49 hakem sibel xxx  güncellendi
27.12.2016 23:03:52 hakem fatma xxx  güncellendi
27.12.2016 23:04:24 hakem Merve xxx  güncellendi
27.12.2016 23:05:34 hakem tuğçe xxx  güncellendi
27.12.2016 23:06:01 hakem fatma  nur xxx  güncellendi
27.12.2016 23:09:46 hakem melisa olgun  güncellendi
27.12.2016 23:10:30 hakem esma tar  güncellendi
28.12.2016 13:50:59 hakem www www  güncellendi
28.12.2016 13:58:32 hakem onur sazak  güncellendi
28.12.2016 14:01:11 fikstur    oluşturuldu
8.06.2017 00:18:46 fikstur    oluşturuldu
8.06.2017 00:20:30 fikstur    oluşturuldu
8.06.2017 00:21:30 hakem Hasan Temurtaş Şeker  eklendi
8.06.2017 00:22:58 fikstur    oluşturuldu
8.06.2017 00:24:52 hakem Ali  Kaya Kılınç  silindi
8.06.2017 00:25:06 fikstur    oluşturuldu
8.06.2017 00:26:06 hakem Hasan Temurtaş  güncellendi
8.06.2017 00:26:35 fikstur    oluşturuldu
8.06.2017 01:01:09 fikstur    oluşturuldu
8.06.2017 01:02:21 fikstur    oluşturuldu
8.06.2017 01:04:19 fikstur    oluşturuldu
8.06.2017 01:05:50 fikstur    oluşturuldu
8.06.2017 01:16:42 fikstur    oluşturuldu
8.06.2017 01:16:49 fikstur    oluşturuldu
8.06.2017 01:20:24 fikstur    oluşturuldu
8.06.2017 01:20:31 fikstur    oluşturuldu
8.06.2017 01:24:25 fikstur    oluşturuldu
8.06.2017 01:24:37 fikstur    oluşturuldu
8.06.2017 14:32:05 fikstur    oluşturuldu
8.06.2017 14:41:58 fikstur    oluşturuldu
